Using pre-set license
Built from 'master' branch; Version is '2020.3.36f1 (71f96b79b9f0) revision 7469419'; Using compiler version '192528614'; Build Type 'Release'
OS: 'Windows 10  (10.0.19044) 64bit CoreSingleLanguage' Language: 'en' Physical Memory: 16147 MB
BatchMode: 1, IsHumanControllingUs: 0, StartBugReporterOnCrash: 0, Is64bit: 1, IsPro: 0

COMMAND LINE ARGUMENTS:
D:\Apps\Unity Engine\2020.3.36f1\Editor\Unity.exe
-adb2
-batchMode
-noUpm
-name
AssetImportWorker0
-projectPath
D:/Game Dev/Unity 2D/2D-Platformer-Game
-logFile
Logs/AssetImportWorker0.log
-srvPort
49855
Successfully changed project path to: D:/Game Dev/Unity 2D/2D-Platformer-Game
D:/Game Dev/Unity 2D/2D-Platformer-Game
Using Asset Import Pipeline V2.
Refreshing native plugins compatible for Editor in 38.37 ms, found 2 plugins.
Preloading 0 native plugins for Editor in 0.00 ms.
Initialize engine version: 2020.3.36f1 (71f96b79b9f0)
[Subsystems] Discovering subsystems at path D:/Apps/Unity Engine/2020.3.36f1/Editor/Data/Resources/UnitySubsystems
[Subsystems] Discovering subsystems at path D:/Game Dev/Unity 2D/2D-Platformer-Game/Assets
GfxDevice: creating device client; threaded=0
Direct3D:
    Version:  Direct3D 11.0 [level 11.1]
    Renderer: NVIDIA GeForce RTX 3050 Laptop GPU (ID=0x25a5)
    Vendor:   
    VRAM:     3991 MB
    Driver:   31.0.15.1659
Initialize mono
Mono path[0] = 'D:/Apps/Unity Engine/2020.3.36f1/Editor/Data/Managed'
Mono path[1] = 'D:/Apps/Unity Engine/2020.3.36f1/Editor/Data/MonoBleedingEdge/lib/mono/unityjit'
Mono config path = 'D:/Apps/Unity Engine/2020.3.36f1/Editor/Data/MonoBleedingEdge/etc'
Using monoOptions --debugger-agent=transport=dt_socket,embedding=1,server=y,suspend=n,address=127.0.0.1:56016
Begin MonoManager ReloadAssembly
Registering precompiled unity dll's ...
Register platform support module: D:/Apps/Unity Engine/2020.3.36f1/Editor/Data/PlaybackEngines/WebGLSupport/UnityEditor.WebGL.Extensions.dll
Register platform support module: D:/Apps/Unity Engine/2020.3.36f1/Editor/Data/PlaybackEngines/WindowsStandaloneSupport/UnityEditor.WindowsStandalone.Extensions.dll
Registered in 0.000844 seconds.
Native extension for WindowsStandalone target not found
Native extension for WebGL target not found
Refreshing native plugins compatible for Editor in 42.11 ms, found 2 plugins.
Preloading 0 native plugins for Editor in 0.00 ms.
Mono: successfully reloaded assembly
- Completed reload, in  0.582 seconds
Domain Reload Profiling:
	ReloadAssembly (582ms)
		BeginReloadAssembly (42ms)
			ExecutionOrderSort (0ms)
			DisableScriptedObjects (0ms)
			BackupInstance (0ms)
			ReleaseScriptingObjects (0ms)
			CreateAndSetChildDomain (1ms)
		EndReloadAssembly (409ms)
			LoadAssemblies (41ms)
			RebuildTransferFunctionScriptingTraits (0ms)
			SetupTypeCache (185ms)
			ReleaseScriptCaches (0ms)
			RebuildScriptCaches (20ms)
			SetupLoadedEditorAssemblies (139ms)
				LogAssemblyErrors (0ms)
				InitializePlatformSupportModulesInManaged (4ms)
				SetLoadedEditorAssemblies (0ms)
				RefreshPlugins (42ms)
				BeforeProcessingInitializeOnLoad (11ms)
				ProcessInitializeOnLoadAttributes (58ms)
				ProcessInitializeOnLoadMethodAttributes (24ms)
				AfterProcessingInitializeOnLoad (0ms)
				EditorAssembliesLoaded (0ms)
			ExecutionOrderSort2 (0ms)
			AwakeInstancesAfterBackupRestoration (0ms)
Platform modules already initialized, skipping
Registering precompiled user dll's ...
Registered in 0.001538 seconds.
Begin MonoManager ReloadAssembly
Native extension for WindowsStandalone target not found
Native extension for WebGL target not found
Refreshing native plugins compatible for Editor in 0.55 ms, found 2 plugins.
Preloading 0 native plugins for Editor in 0.00 ms.
Mono: successfully reloaded assembly
- Completed reload, in  0.749 seconds
Domain Reload Profiling:
	ReloadAssembly (753ms)
		BeginReloadAssembly (104ms)
			ExecutionOrderSort (0ms)
			DisableScriptedObjects (3ms)
			BackupInstance (0ms)
			ReleaseScriptingObjects (0ms)
			CreateAndSetChildDomain (17ms)
		EndReloadAssembly (611ms)
			LoadAssemblies (62ms)
			RebuildTransferFunctionScriptingTraits (0ms)
			SetupTypeCache (184ms)
			ReleaseScriptCaches (0ms)
			RebuildScriptCaches (36ms)
			SetupLoadedEditorAssemblies (273ms)
				LogAssemblyErrors (0ms)
				InitializePlatformSupportModulesInManaged (4ms)
				SetLoadedEditorAssemblies (0ms)
				RefreshPlugins (1ms)
				BeforeProcessingInitializeOnLoad (58ms)
				ProcessInitializeOnLoadAttributes (195ms)
				ProcessInitializeOnLoadMethodAttributes (14ms)
				AfterProcessingInitializeOnLoad (1ms)
				EditorAssembliesLoaded (0ms)
			ExecutionOrderSort2 (0ms)
			AwakeInstancesAfterBackupRestoration (1ms)
Platform modules already initialized, skipping
========================================================================
Worker process is ready to serve import requests
Launched and connected shader compiler UnityShaderCompiler.exe after 0.05 seconds
Refreshing native plugins compatible for Editor in 0.51 ms, found 2 plugins.
Preloading 0 native plugins for Editor in 0.00 ms.
Unloading 1821 Unused Serialized files (Serialized files now loaded: 0)
System memory in use before: 103.1 MB.
System memory in use after: 103.2 MB.

Unloading 20 unused Assets to reduce memory usage. Loaded Objects now: 2287.
Total: 2.324300 ms (FindLiveObjects: 0.135000 ms CreateObjectMapping: 0.036100 ms MarkObjects: 2.127500 ms  DeleteObjects: 0.024800 ms)

AssetImportParameters requested are different than current active one (requested -> active):
  custom:framework-win-MediaFoundation: 216162199b28c13a410421893ffa2e32 -> 
  custom:video-decoder-ogg-theora: a1e56fd34408186e4bbccfd4996cb3dc -> 
  custom:container-muxer-webm: aa71ff27fc2769a1b78a27578f13a17b -> 
  custom:container-demuxer-webm: 4f35f7cbe854078d1ac9338744f61a02 -> 
  custom:container-demuxer-ogg: 62fdf1f143b41e24485cea50d1cbac27 -> 
  custom:video-encoder-webm-vp8: eb34c28f22e8b96e1ab97ce403110664 -> 
  custom:video-decoder-webm-vp8: 9c59270c3fd7afecdb556c50c9e8de78 -> 
  custom:audio-decoder-ogg-vorbis: bf7c407c2cedff20999df2af8eb42d56 -> 
  custom:audio-encoder-webm-vorbis: bf7c407c2cedff20999df2af8eb42d56 -> 
========================================================================
Received Import Request.
  path: Assets/Game Assets/Art/Sprites/Environment/BGPlants.png
  artifactKey: Guid(776d10e19ab11c44a8271fc18a42ab83) Importer(815301076,1909f56bfc062723c751e8b465ee728b)
Start importing Assets/Game Assets/Art/Sprites/Environment/BGPlants.png using Guid(776d10e19ab11c44a8271fc18a42ab83) Importer(815301076,1909f56bfc062723c751e8b465ee728b)  -> (artifact id: 'aaac0cecb287703f4506fd750abbd4db') in 0.183858 seconds 
========================================================================
Received Import Request.
  Time since last request: 739.145115 seconds.
  path: Assets/Tilemap/Pallets/Tileset_Rock_WallRightCeilingCorner5.asset
  artifactKey: Guid(98c0257c2033a5a44a9bf7f0ec7b2988) Importer(815301076,1909f56bfc062723c751e8b465ee728b)
Start importing Assets/Tilemap/Pallets/Tileset_Rock_WallRightCeilingCorner5.asset using Guid(98c0257c2033a5a44a9bf7f0ec7b2988) Importer(815301076,1909f56bfc062723c751e8b465ee728b)  -> (artifact id: '60df26aa1ccb25f3497a8258dd82f127') in 0.119240 seconds 
========================================================================
Received Import Request.
  Time since last request: 3.743271 seconds.
  path: Assets/Tilemap/Pallets/Tileset_Rock_Fill9.asset
  artifactKey: Guid(ceca5a767db7fb946b8e8e054c6284df) Importer(815301076,1909f56bfc062723c751e8b465ee728b)
Start importing Assets/Tilemap/Pallets/Tileset_Rock_Fill9.asset using Guid(ceca5a767db7fb946b8e8e054c6284df) Importer(815301076,1909f56bfc062723c751e8b465ee728b)  -> (artifact id: '166198eff6209ed40c4365923c3331eb') in 0.053365 seconds 
========================================================================
Received Import Request.
  Time since last request: 2.025308 seconds.
  path: Assets/Tilemap/Pallets/Tileset_Rock_Fill5.asset
  artifactKey: Guid(0dbf922671051b34ca14a6b008c90bb4) Importer(815301076,1909f56bfc062723c751e8b465ee728b)
Start importing Assets/Tilemap/Pallets/Tileset_Rock_Fill5.asset using Guid(0dbf922671051b34ca14a6b008c90bb4) Importer(815301076,1909f56bfc062723c751e8b465ee728b)  -> (artifact id: '70df9e702553e2d68257c5e009069fd0') in 0.107493 seconds 
========================================================================
Received Import Request.
  Time since last request: 4.331318 seconds.
  path: Assets/Tilemap/Pallets/LowerPlants1_29.asset
  artifactKey: Guid(58362c69781ba014599b9101ca4e701c) Importer(815301076,1909f56bfc062723c751e8b465ee728b)
Start importing Assets/Tilemap/Pallets/LowerPlants1_29.asset using Guid(58362c69781ba014599b9101ca4e701c) Importer(815301076,1909f56bfc062723c751e8b465ee728b)  -> (artifact id: '1e68fa87d4bf9d0a95bda515cd09a34a') in 0.016142 seconds 
========================================================================
Received Import Request.
  Time since last request: 3.499090 seconds.
  path: Assets/Tilemap/Pallets/BGPlants_19.asset
  artifactKey: Guid(51efd22cb02d5ff49aecd4bc49186e41) Importer(815301076,1909f56bfc062723c751e8b465ee728b)
Start importing Assets/Tilemap/Pallets/BGPlants_19.asset using Guid(51efd22cb02d5ff49aecd4bc49186e41) Importer(815301076,1909f56bfc062723c751e8b465ee728b)  -> (artifact id: '2c9b74838bbed7605e1244d94a220e33') in 0.012542 seconds 
========================================================================
Received Import Request.
  Time since last request: 3627.373522 seconds.
  path: Assets/Game Assets/Art/Sprites/Environment/ParallaxCaves
  artifactKey: Guid(bf3708b8d8fb4ee4d946b18817b0ca8b) Importer(815301076,1909f56bfc062723c751e8b465ee728b)
Start importing Assets/Game Assets/Art/Sprites/Environment/ParallaxCaves using Guid(bf3708b8d8fb4ee4d946b18817b0ca8b) Importer(815301076,1909f56bfc062723c751e8b465ee728b)  -> (artifact id: '8de11b607e4ed552cf3f4a53ac3902fe') in 0.006415 seconds 
AssetImportWorkerClient::OnTransportError - code=2 error=End of file
